
 Solving FEM for laser: 
 Construct grid. 
 Generate_processes(); 
   take p_level: 4 max_level:    9
 Grid_generation(); 
  I Basic grid generation by edges; 
   I.2 edge correction; 
  II Calculation of points and cells; 
   II.2 construct basic points; 
        send them; 
   II.3 fullfill B1B2; 
   II.4 construct cell points; 
   II.61 interior cell part 1; 
   II.62 sends of boundary cells; 
   II.63 interior cell part 2; 
        send them; 
   II.7 calc multigrid points; 
   II.7 remove exterior points; 
   II.8 calc interior points; 
   II.9 send coarse grid points; 
  III Calculation of boundary; 
   III.2 boundary cells; 
 Information about processes: 
 Number of processes: 512
 Number of active processes: 502
 Initialize_variable(); 
   III.3.1 construct boundary points; 
         remove edges; 
   III.4.1 storage for boundary cells; 
   III.4.2 storage for cells and stencils; 
   III.4.3 storage for boundary matrices; 
 IV. calculate lists; 
   IV. 2. interior points and points near boundary; 
   IV. 5. pointer in boundary cells; 
   IV. 6. restriction weights; 
   IV. 7. coarsest level; 
   IV. 8. initialize lists; 
   IV. 9. calc mg; 
   V.1 prepare evaluation; 
   V.2 prepare parallel; 
   a) ; 
   b) ; 
   c) ; 
   end prepare ; 
 End construct grid. 

 information about finest level: 
------------------------------------ 
number of interior points is:       9721947
number of points near the boundary: 366701
number of boundary points:          370284
number of points in boundary cells: 51434
sum of all points:                  10510366
ratio of points interior / near boundary: 12.330939513127
 Max_level: 10 Min_level: 1 Min_interior_level: 3 n_parallel: 6

 Solving Poisson equation by mg! 
 Number of smoothings iter + n: 12
 Test: 0.892632455993

 MG: 
-------------------- 
 Iteration: 1 Max: Temp: 4455.516922561389

 Solving elasticity by MG-preconditioned cg. 
--------------------------------------------- 
 eps cg:0.000100000000
 first delta:5.078965921349
 Iteration:1.  Infty: 0.024322862940 Residuum: 2.321945591448
 Iteration:2.  Infty: 0.025006385901 Residuum: 0.550086981755
 Iteration:3.  Infty: 0.022519262770 Residuum: 0.223615601180
 Iteration:4.  Infty: 0.021971682498 Residuum: 0.124063962017
 Iteration:5.  Infty: 0.021077180610 Residuum: 0.093599035594
 Iteration:6.  Infty: 0.020606421254 Residuum: 0.072637286609
 Iteration:7.  Infty: 0.021301409210 Residuum: 0.058351117387
 Iteration:8.  Infty: 0.022513187491 Residuum: 0.049525948157
 Iteration:9.  Infty: 0.023846047106 Residuum: 0.030184328626
 Iteration:10.  Infty: 0.024345435797 Residuum: 0.017041607798
 Iteration:11.  Infty: 0.024340983901 Residuum: 0.009637689010
 Iteration:12.  Infty: 0.024265391821 Residuum: 0.006438688883
 Iteration:13.  Infty: 0.024071853699 Residuum: 0.004747229446
 Iteration:14.  Infty: 0.023848129155 Residuum: 0.004004555063
 Iteration:15.  Infty: 0.023598602104 Residuum: 0.004100630044
 Iteration:16.  Infty: 0.023341905463 Residuum: 0.004170913512
 Iteration:17.  Infty: 0.023124028335 Residuum: 0.004046781671
 Iteration:18.  Infty: 0.023163008157 Residuum: 0.003445632913
 Iteration:19.  Infty: 0.023247257717 Residuum: 0.002707722362
 Iteration:20.  Infty: 0.023419745069 Residuum: 0.001863560406
 Iteration:21.  Infty: 0.023561226527 Residuum: 0.001198199468
 Iteration:22.  Infty: 0.023657722763 Residuum: 0.000709053966
 Iteration:23.  Infty: 0.023721469714 Residuum: 0.000412845479
 Iteration:24.  Infty: 0.023783028809 Residuum: 0.000230439940
 Iteration:25.  Infty: 0.023831245379 Residuum: 0.000134496807
 Iteration:26.  Infty: 0.023864153273 Residuum: 0.000083215020
 Infty: 0.023864153273
 Test Boundary, Integrals: -----------
 X-Integral: -0.000000000000
 Y-Integral: -0.000000000000
 Z-Integral: 0.000000000000
 X-curl: -0.000000000001
 Y-curl: -0.000000000002
 Z-curl: 0.000000000000
 Residuum Infty: 0.005675277463
 Maximum x: 0.010205781003 Minimum x: -0.010097205709
 Maximum - Minimum x: 0.020302986713
 Maximum y: 0.006805174683 Minimum y: -0.006826991192
 Maximum - Minimum y: 0.013632165874
 Maximum z: 0.006813734067 Minimum z: -0.006831381078
 Maximum - Minimum z: 0.013645115145
 Maximum sxx: 2218.645780875650 Minimum sxx: -8113.542753641869

 total time: 374.073409914970 sec. 

 calc time: 225.331627011299 sec.  
 end 

 elastime time: 174.546079993248 sec.  
 end 
 
 End: 
 adding counter 5 event 12 Cycles
 adding counter 0 event 1 Instructions completed
 adding counter 7 event 0 TLB misses
 adding counter 2 event 9 Stores completed
 adding counter 3 event 5 Loads completed
 adding counter 4 event 5 FPU 0 instructions
 adding counter 1 event 35 FPU 1 instructions
 adding counter 6 event 9 FMAs executed


################################################################################
 hpmcount (V 2.4.2) summary (aggregate of 512 POE tasks)
 Average execution time (wall clock time)   : 386.638 seconds
 Average amount of time in user mode        : 374.384082 seconds
 Average amount of time in system mode      : 3.892148 seconds
 Total maximum resident set size            : 16 Gbytes
 Total shared memory use in text segment    : 25804628908 Kbytes*sec
 Total unshared memory use in data segment  : 526078499056 Kbytes*sec
 PM_CYC (Cycles)                            : 71615651382641
 PM_INST_CMPL (Instructions completed)      : 73095264734818
 PM_TLB_MISS (TLB misses)                   : 60023347992        
 PM_ST_CMPL (Stores completed)              : 12372536241938
 PM_LD_CMPL (Loads completed)               : 23069387124093
 PM_FPU0_CMPL (FPU 0 instructions)          : 759455151155
 PM_FPU1_CMPL (FPU 1 instructions)          : 92421600616
 PM_EXEC_FMA (FMAs executed)                : 193165513250
 Utilization rate                           : 96.458037109375 %
 Avg number of loads per TLB miss           : 1463.77352734375
 Load and store operations                  : 35441923.38 M
 MIPS                                       : 189072.824
 Instructions per cycle                     : 1.0206484375
 HW Float points instructions per Cycle     : 0.0119121093749999
 Total Floating point instructions + FMAs   : 1045042.272 M
 Total Float point instructions + FMA rate  : 2702.452 Mflip/s
 Average FMA percentage                     : 38.0100058593749 %
 Average computation intensity              : 0.032822265625 
################################################################################
