OPAL-X>               ____  _____        _       __   __
OPAL-X> [1;32m
OPAL-X> 
OPAL-X>   ██████  ██████   █████  ██      ██   ██
OPAL-X>  ██    ██ ██   ██ ██   ██ ██       ██ ██
OPAL-X>  ██    ██ ██████  ███████ ██        ███
OPAL-X>  ██    ██ ██      ██   ██ ██       ██ ██
OPAL-X>   ██████  ██      ██   ██ ███████ ██   ██
OPAL-X> 
OPAL-X>          This is OPALX (Object Oriented Parallel Accelerator Library for Exascale)
OPAL-X> 
OPAL-X> [0m
OPAL-X> 
OPAL-X> OPALX is the performance portable version of OPAL :: Version 0.9
OPAL-X>             git rev. 8ff524aeeddae40e673adae8d1ec20ffe2a3f236
OPAL-X> 
OPAL-X> 
OPAL-X>              (c) PSI, https://github.com/OPALX-project/OPALX
OPAL-X> 
OPAL-X> 
OPAL-X> Please send cookies, goodies or other motivations (wine and beer ... ) 
OPAL-X> to the OPAL developers https://github.com/OPALX-project/OPALX/issues
OPAL-X> 
OPAL-X> Time: 13:11:29 date: 30/04/2026
OPAL-X> 
OPAL-X> * Host:   Serial
OPAL-X> * Device: Serial execution
OPAL-X> 
OPAL-X> * Reading input stream 'oldparity_sbend_proton_opalx.in'
OPAL-X> * ************* F I E L D S O L V E R ********************************************** 
OPAL-X> * FIELDSOLVER  FS0
OPAL-X> * BINS         NONE
OPAL-X> * TYPE         NONE
OPAL-X> * RANKS        1
OPAL-X> * NX           16
OPAL-X> * NY           16
OPAL-X> * NZ           16
OPAL-X> * BBOXINCR     1
OPAL-X> * GREENSF      INTEGRATED
OPAL-X> * XDIM         serial  
OPAL-X> * YDIM         serial  
OPAL-X> * ZDIM         parallel  
OPAL-X> * ********************************************************************************** 
OPAL-X> 
OPAL-X> * RUN resolved beams: BEAM0
OPAL-X> * ************* B E A M ************************************************************ 
OPAL-X> * BEAM        BEAM0
OPAL-X> * PARTICLE    PROTON
OPAL-X> * REST MASS   0.938272 [GeV]
OPAL-X> * CHARGE      +e * 1 
OPAL-X> * MOMENTUM    1 [eV/c]
OPAL-X> * MOMENTUM    0 [GeV/c]
OPAL-X> * BCHARGE     1.60218e-19 [C]
OPAL-X> * NALLOC      1
OPAL-X> * ********************************************************************************** 
OPAL-X> 
OPAL-X[2]> * Beam[0] BEAM0 macro charge per particle [C]: 1.60218e-19
OPAL-X[2]> * Beam[0] BEAM0 macro mass per particle [GeV/c^2]: 0.938272
OPAL-X[2]> * Beam[0] BEAM0 particles per macro particle: 1
OPAL-X> 
OPAL-X> * Creating new file for data: 'oldparity_sbend_proton_opalx.stat'
OPAL-X> * Creating new file for data: 'oldparity_sbend_proton_opalx.lbal'
PartBunch::setSolver[2]> Initializing solver: NONE
PartBunch::setBins[2]> Solver FS0 has no binning command attached, not using binning.
PartBunch::pre_run[2]> Starting pre_run...
OPAL-X[2]> * BCHandler<3>: [OPEN, OPEN, OPEN]
FromFile::generateParticles> FromFile: Loaded 1 particles from file 'opalx_proton_distribution.txt'
FromFile::generateParticles> Rank 0: 1 local particles
OPAL-X[2]> * Particle sampling / sampler setup for all emission sources done.
OPAL-X> 
OPAL-X> * ************** B U N C H ********************************************************* 
OPAL-X> * CONTAINER       = 0
OPAL-X> * PARTICLES       = 1
OPAL-X> * CHARGE          = 1.602177e-19 (Cb) 
OPAL-X> * QM STORAGE MODE = SINGLE
OPAL-X> * <EKIN>          = 590.000 [MeV]
OPAL-X> * <dEKIN>         = 0.000 [eV]
OPAL-X> * INTEGRATOR      = LF2
OPAL-X> * MIN R (origin)  = (      0.00000 ,      0.00000 ,      0.00000 ) [um]
OPAL-X> * MAX R (max ext) = (      0.00000 ,      0.00000 ,      0.00000 ) [um]
OPAL-X> * RMS R           = (      0.00000 ,      0.00000 ,      0.00000 ) [um]
OPAL-X> * RMS P           = ( 0.000000e+00 , 0.000000e+00 , 0.000000e+00 ) [beta gamma]
OPAL-X> * Mean R          = ( 0.000000e+00 , 0.000000e+00 , 0.000000e+00 ) [m]
OPAL-X> * Mean P          = ( 0.000000e+00 , 0.000000e+00 , 1.285706e+00 ) [beta gamma]
OPAL-X> * MESH SPACING    = (      0.00125 ,      0.00125 ,      0.00125 ) [um]
OPAL-X> * COMPDOM INCR    = 1.000000e+00 (%) 
OPAL-X> * FIELD LAYOUT    = Domain = {[0:15:1],[0:15:1],[0:15:1]}
OPAL-X> Total number of boxes = 1
OPAL-X>     Box 0 {[0:15:1],[0:15:1],[0:15:1]}
OPAL-X> 
OPAL-X> * Centroid : 
OPAL-X> * 0.000000e+00 0.000000e+00 0.000000e+00 0.000000e+00 0.000000e+00 1.285706e+00 
OPAL-X> * Cov Matrix : 
OPAL-X> * 0.000000e+00 0.000000e+00 0.000000e+00 0.000000e+00 0.000000e+00 0.000000e+00 
OPAL-X> * 0.000000e+00 0.000000e+00 0.000000e+00 0.000000e+00 0.000000e+00 0.000000e+00 
OPAL-X> * 0.000000e+00 0.000000e+00 0.000000e+00 0.000000e+00 0.000000e+00 0.000000e+00 
OPAL-X> * 0.000000e+00 0.000000e+00 0.000000e+00 0.000000e+00 0.000000e+00 0.000000e+00 
OPAL-X> * 0.000000e+00 0.000000e+00 0.000000e+00 0.000000e+00 0.000000e+00 0.000000e+00 
OPAL-X> * 0.000000e+00 0.000000e+00 0.000000e+00 0.000000e+00 0.000000e+00 0.000000e+00 
OPAL-X> * * ********************************************************************************** 
OPAL-X> 
ParallelTracker> Placed element body poses:
ParallelTracker> Element                 	X	Y	Z	THETA	PHI	PSI
ParallelTracker>  ------------------------------------------------------------------------
ParallelTracker> B1                      	-0.0969	0.0	0.4872	337.5	0.0	0.0
ParallelTracker> Local body/field extents:
ParallelTracker> Element                 	BODY_BEGIN	BODY_END	FIELD_BEGIN	FIELD_END
ParallelTracker>  ------------------------------------------------------------------------
ParallelTracker> B1                      	0.0	1.0	-0.0	1.0
OPAL-X> * B1 gone live
ParallelTracker::execute[2]> Dump initial phase space done.
OPAL-X> * OrbitThreader dt_m= 1e-10
OPAL-X> * OrbitThreader integrate boundary old={B1} full-step={} oldR=(0.289359, 0, 0.808158) fullR=(0.304548, 0, 0.826303)
OPAL-X> * OrbitThreader maxDistance= 1.79769e+308
OPAL-X> * OrbitThreader #elements  = 1
OPAL-X> * OrbitThreader boundary-crossing reseed at s=0.89073 old={B1} current={B1} predicted={}
OPAL-X> * OrbitThreader loop-end state s=0.89073 currentStep=38 pathOutside=0 current={B1} next={B1} intersection={B1} errorFlag=0
OPAL-X> * OrbitThreader integrate boundary old={B1} full-step={} oldR=(0.299074, 0, 0.819842) fullR=(0.314311, 0, 0.837947)
OPAL-X> * OrbitThreader maxDistance= 1.79769e+308
OPAL-X> * OrbitThreader #elements  = 1
OPAL-X> * OrbitThreader boundary-crossing reseed at s=0.890751 old={B1} current={} predicted={}
OPAL-X> * OrbitThreader loop-end state s=0.890751 currentStep=39 pathOutside=0 current={B1} next={} intersection={} errorFlag=0
OPAL-X> * OrbitThreader maxDistance= 10
OPAL-X> * OrbitThreader #elements  = 0
OPAL-X> * OrbitThreader loop-end state s=1.22205 currentStep=53 pathOutside=1 current={} next={} intersection={} errorFlag=1073741824
OPAL-X> 
OPAL-X> * Size of map 3 sections 
OPAL-X> * Key: (0.000000 - 0.890730) number of overlapping elements 1
OPAL-X> *                            B1
OPAL-X> * Key: (0.890730 - 0.890751) number of overlapping elements 1
OPAL-X> *                            B1
OPAL-X> * Key: (0.890751 - 1.200000) number of overlapping elements 0
OPAL-X> 
OPAL-X> * Creating new file for data: 'data/oldparity_sbend_proton_opalx_ElementPositions.sdds'
OPAL-X> * Track start at: 13:11:29, t= 0.000 [fs]; zstart at: 0.000 [um]
OPAL-X> * Initial dt = 100.000 [ps]
OPAL-X> * Max integration steps = 10000, next step = 0
OPAL-X>                dt [ns]           zStop [m]        num Steps [1]
OPAL-X> ->         1.000000e-10        1.200000e+00               10000
PartBunch::performBunchSanityChecks[2]> ========= Done performing PartBunch sanity checks... =========
ParallelTracker::execute[2]> Starting track with dt = 100.000 [ps], track steps = 0 to 10000.
OPAL-X> * 13:11:29 Step      0 container[0] at 23.663 [mm], t= 100.000 [ps], E=590.000 [MeV]
OPAL-X[2]> * Wrote beam statistics.
OPAL-X> * 13:11:29 Step      1 container[0] at 47.326 [mm], t= 200.000 [ps], E=590.000 [MeV]
OPAL-X[2]> * Wrote beam statistics.
OPAL-X> * 13:11:29 Step      2 container[0] at 70.989 [mm], t= 300.000 [ps], E=590.000 [MeV]
OPAL-X[2]> * Wrote beam statistics.
OPAL-X> * 13:11:29 Step      3 container[0] at 94.652 [mm], t= 400.000 [ps], E=590.000 [MeV]
OPAL-X[2]> * Wrote beam statistics.
OPAL-X> * 13:11:29 Step      4 container[0] at 118.316 [mm], t= 500.000 [ps], E=590.000 [MeV]
OPAL-X[2]> * Wrote beam statistics.
OPAL-X> * 13:11:29 Step      5 container[0] at 141.979 [mm], t= 600.000 [ps], E=590.000 [MeV]
OPAL-X[2]> * Wrote beam statistics.
OPAL-X> * 13:11:29 Step      6 container[0] at 165.642 [mm], t= 700.000 [ps], E=590.000 [MeV]
OPAL-X[2]> * Wrote beam statistics.
OPAL-X> * 13:11:29 Step      7 container[0] at 189.305 [mm], t= 800.000 [ps], E=590.000 [MeV]
OPAL-X[2]> * Wrote beam statistics.
OPAL-X> * 13:11:29 Step      8 container[0] at 212.968 [mm], t= 900.000 [ps], E=590.000 [MeV]
OPAL-X[2]> * Wrote beam statistics.
OPAL-X> * 13:11:29 Step      9 container[0] at 236.631 [mm], t= 1.000 [ns], E=590.000 [MeV]
OPAL-X[2]> * Wrote beam statistics.
OPAL-X> * 13:11:29 Step     10 container[0] at 260.294 [mm], t= 1.100 [ns], E=590.000 [MeV]
OPAL-X[2]> * Wrote beam statistics.
OPAL-X> * 13:11:29 Step     11 container[0] at 283.957 [mm], t= 1.200 [ns], E=590.000 [MeV]
OPAL-X[2]> * Wrote beam statistics.
OPAL-X> * 13:11:29 Step     12 container[0] at 307.620 [mm], t= 1.300 [ns], E=590.000 [MeV]
OPAL-X[2]> * Wrote beam statistics.
OPAL-X> * 13:11:29 Step     13 container[0] at 331.283 [mm], t= 1.400 [ns], E=590.000 [MeV]
OPAL-X[2]> * Wrote beam statistics.
OPAL-X> * 13:11:29 Step     14 container[0] at 354.947 [mm], t= 1.500 [ns], E=590.000 [MeV]
OPAL-X[2]> * Wrote beam statistics.
OPAL-X> * 13:11:29 Step     15 container[0] at 378.610 [mm], t= 1.600 [ns], E=590.000 [MeV]
OPAL-X[2]> * Wrote beam statistics.
OPAL-X> * 13:11:29 Step     16 container[0] at 402.273 [mm], t= 1.700 [ns], E=590.000 [MeV]
OPAL-X[2]> * Wrote beam statistics.
OPAL-X> * 13:11:29 Step     17 container[0] at 425.936 [mm], t= 1.800 [ns], E=590.000 [MeV]
OPAL-X[2]> * Wrote beam statistics.
OPAL-X> * 13:11:29 Step     18 container[0] at 449.599 [mm], t= 1.900 [ns], E=590.000 [MeV]
OPAL-X[2]> * Wrote beam statistics.
OPAL-X> * 13:11:29 Step     19 container[0] at 473.262 [mm], t= 2.000 [ns], E=590.000 [MeV]
OPAL-X[2]> * Wrote beam statistics.
OPAL-X> * 13:11:29 Step     20 container[0] at 496.925 [mm], t= 2.100 [ns], E=590.000 [MeV]
OPAL-X[2]> * Wrote beam statistics.
OPAL-X> * 13:11:29 Step     21 container[0] at 520.588 [mm], t= 2.200 [ns], E=590.000 [MeV]
OPAL-X[2]> * Wrote beam statistics.
OPAL-X> * 13:11:29 Step     22 container[0] at 544.251 [mm], t= 2.300 [ns], E=590.000 [MeV]
OPAL-X[2]> * Wrote beam statistics.
OPAL-X> * 13:11:29 Step     23 container[0] at 567.915 [mm], t= 2.400 [ns], E=590.000 [MeV]
OPAL-X[2]> * Wrote beam statistics.
OPAL-X> * 13:11:29 Step     24 container[0] at 591.578 [mm], t= 2.500 [ns], E=590.000 [MeV]
OPAL-X[2]> * Wrote beam statistics.
OPAL-X> * 13:11:29 Step     25 container[0] at 615.241 [mm], t= 2.600 [ns], E=590.000 [MeV]
OPAL-X[2]> * Wrote beam statistics.
OPAL-X> * 13:11:29 Step     26 container[0] at 638.904 [mm], t= 2.700 [ns], E=590.000 [MeV]
OPAL-X[2]> * Wrote beam statistics.
OPAL-X> * 13:11:29 Step     27 container[0] at 662.567 [mm], t= 2.800 [ns], E=590.000 [MeV]
OPAL-X[2]> * Wrote beam statistics.
OPAL-X> * 13:11:29 Step     28 container[0] at 686.230 [mm], t= 2.900 [ns], E=590.000 [MeV]
OPAL-X[2]> * Wrote beam statistics.
OPAL-X> * 13:11:29 Step     29 container[0] at 709.893 [mm], t= 3.000 [ns], E=590.000 [MeV]
OPAL-X[2]> * Wrote beam statistics.
OPAL-X> * 13:11:29 Step     30 container[0] at 733.556 [mm], t= 3.100 [ns], E=590.000 [MeV]
OPAL-X[2]> * Wrote beam statistics.
OPAL-X> * 13:11:29 Step     31 container[0] at 757.219 [mm], t= 3.200 [ns], E=590.000 [MeV]
OPAL-X[2]> * Wrote beam statistics.
OPAL-X> * 13:11:29 Step     32 container[0] at 780.882 [mm], t= 3.300 [ns], E=590.000 [MeV]
OPAL-X[2]> * Wrote beam statistics.
OPAL-X> * 13:11:29 Step     33 container[0] at 804.546 [mm], t= 3.400 [ns], E=590.000 [MeV]
OPAL-X[2]> * Wrote beam statistics.
OPAL-X> * 13:11:29 Step     34 container[0] at 828.209 [mm], t= 3.500 [ns], E=590.000 [MeV]
OPAL-X[2]> * Wrote beam statistics.
OPAL-X> * 13:11:29 Step     35 container[0] at 851.872 [mm], t= 3.600 [ns], E=590.000 [MeV]
OPAL-X[2]> * Wrote beam statistics.
OPAL-X> * 13:11:29 Step     36 container[0] at 875.535 [mm], t= 3.700 [ns], E=590.000 [MeV]
OPAL-X[2]> * Wrote beam statistics.
OPAL-X> * 13:11:29 Step     37 container[0] at 899.198 [mm], t= 3.800 [ns], E=590.000 [MeV]
OPAL-X[2]> * Wrote beam statistics.
OPAL-X> * 13:11:29 Step     38 container[0] at 922.862 [mm], t= 3.900 [ns], E=590.000 [MeV]
OPAL-X[2]> * Wrote beam statistics.
OPAL-X> * 13:11:29 Step     39 container[0] at 946.526 [mm], t= 4.000 [ns], E=590.000 [MeV]
OPAL-X[2]> * Wrote beam statistics.
OPAL-X> * 13:11:29 Step     40 container[0] at 970.190 [mm], t= 4.100 [ns], E=590.000 [MeV]
OPAL-X[2]> * Wrote beam statistics.
OPAL-X> * 13:11:29 Step     41 container[0] at 993.854 [mm], t= 4.200 [ns], E=590.000 [MeV]
OPAL-X[2]> * Wrote beam statistics.
OPAL-X> * 13:11:29 Step     42 container[0] at 1.018 [m], t= 4.300 [ns], E=590.000 [MeV]
OPAL-X[2]> * Wrote beam statistics.
OPAL-X> * 13:11:29 Step     43 container[0] at 1.041 [m], t= 4.400 [ns], E=590.000 [MeV]
OPAL-X[2]> * Wrote beam statistics.
OPAL-X> * 13:11:29 Step     44 container[0] at 1.065 [m], t= 4.500 [ns], E=590.000 [MeV]
OPAL-X[2]> * Wrote beam statistics.
OPAL-X> * 13:11:29 Step     45 container[0] at 1.089 [m], t= 4.600 [ns], E=590.000 [MeV]
OPAL-X[2]> * Wrote beam statistics.
OPAL-X> * 13:11:29 Step     46 container[0] at 1.112 [m], t= 4.700 [ns], E=590.000 [MeV]
OPAL-X[2]> * Wrote beam statistics.
OPAL-X> * 13:11:29 Step     47 container[0] at 1.136 [m], t= 4.800 [ns], E=590.000 [MeV]
OPAL-X[2]> * Wrote beam statistics.
OPAL-X> * 13:11:29 Step     48 container[0] at 1.160 [m], t= 4.900 [ns], E=590.000 [MeV]
OPAL-X[2]> * Wrote beam statistics.
OPAL-X> * 13:11:29 Step     49 container[0] at 1.183 [m], t= 5.000 [ns], E=590.000 [MeV]
OPAL-X[2]> * Wrote beam statistics.
OPAL-X> * 13:11:29 Step     50 container[0] at 1.207 [m], t= 5.100 [ns], E=590.000 [MeV]
OPAL-X[2]> * Wrote beam statistics.
ParallelTracker::execute[2]> Approaching end of current step size configuration for container 0 (zstop = 1.200 [m], path length = 1.207 [m]).
ParallelTracker::execute[2]> All active containers reached current zstop. Preparing to switch to next configuration.
OPAL-X[2]> * Dump phase space of last step
OPAL-X> * B1 gone off
ParallelTracker::execute[2]> Total FieldSolver calls: 0
OPAL-X> 
OPAL-X> * Done executing ParallelTracker at 13:11:29
OPAL-X> 
OPAL-X> * End of input stream 'oldparity_sbend_proton_opalx.in'
Timings> ---------------------------------------------
Timings>      Timing results for 1 rank(s):
Timings> ---------------------------------------------
Timings> mainTimer........... Wall tot =   0.074366
Timings> 
Timings> Write Stat.......... Wall max = 0.00854392
Timings>                      Wall avg = 0.00854392
Timings>                      Wall min = 0.00854392
Timings> 
Timings> Write H5-File....... Wall max = 0.00229129
Timings>                      Wall avg = 0.00229129
Timings>                      Wall min = 0.00229129
Timings> 
Timings> samplingTime........ Wall max = 0.000244459
Timings>                      Wall avg = 0.000244459
Timings>                      Wall min = 0.000244459
Timings> 
Timings> particleBC.......... Wall max = 0.000374917
Timings>                      Wall avg = 0.000374917
Timings>                      Wall min = 0.000374917
Timings> 
Timings> updateParticle...... Wall max =          0
Timings>                      Wall avg =          0
Timings>                      Wall min =          0
Timings> 
Timings> computeMoments...... Wall max = 0.00224388
Timings>                      Wall avg = 0.00224388
Timings>                      Wall min = 0.00224388
Timings> 
Timings> TIntegration1....... Wall max = 0.00017296
Timings>                      Wall avg = 0.00017296
Timings>                      Wall min = 0.00017296
Timings> 
Timings> TIntegration2....... Wall max = 0.000413917
Timings>                      Wall avg = 0.000413917
Timings>                      Wall min = 0.000413917
Timings> 
Timings> External field eval. Wall max =   0.016799
Timings>                      Wall avg =   0.016799
Timings>                      Wall min =   0.016799
Timings> 
Timings> Binaryrepart........ Wall max =          0
Timings>                      Wall avg =          0
Timings>                      Wall min =          0
Timings> 
Timings> OrbThreader......... Wall max = 0.00244942
Timings>                      Wall avg = 0.00244942
Timings>                      Wall min = 0.00244942
Timings> 
Timings> ---------------------------------------------
