
 Solving FEM for laser: 
 Construct grid. 
 Generate_processes(); 
   take p_level: 5 max_level:    12
 Grid_generation(); 
  I Basic grid generation by edges; 
   I.2 edge correction; 
  II Calculation of points and cells; 
   II.2 construct basic points; 
        send them; 
   II.3 fullfill B1B2; 
   II.4 construct cell points; 
   II.61 interior cell part 1; 
   II.62 sends of boundary cells; 
   II.63 interior cell part 2; 
        send them; 
   II.7 calc multigrid points; 
   II.7 remove exterior points; 
   II.8 calc interior points; 
   II.9 send coarse grid points; 
  III Calculation of boundary; 
   III.2 boundary cells; 
 Information about processes: 
 Number of processes: 4096
 Number of active processes: 4048
 Initialize_variable(); 
   III.3.1 construct boundary points; 
         remove edges; 
   III.4.1 storage for boundary cells; 
   III.4.2 storage for cells and stencils; 
   III.4.3 storage for boundary matrices; 
 IV. calculate lists; 
   IV. 2. interior points and points near boundary; 
   IV. 5. pointer in boundary cells; 
   IV. 6. restriction weights; 
   IV. 7. coarsest level; 
 adding counter 5 event 12 Cycles
 adding counter 0 event 1 Instructions completed
 adding counter 7 event 0 TLB misses
 adding counter 2 event 9 Stores completed
 adding counter 3 event 5 Loads completed
 adding counter 4 event 5 FPU 0 instructions
 adding counter 1 event 35 FPU 1 instructions
 adding counter 6 event 9 FMAs executed


################################################################################
 hpmcount (V 2.4.2) summary (aggregate of 1777 POE tasks)
 Average execution time (wall clock time)   : 9611.85 seconds
 Average amount of time in user mode        : 9539.085864 seconds
 Average amount of time in system mode      : 41.554401 seconds
 Total maximum resident set size            : 1280 Gbytes
 Total shared memory use in text segment    : 724321940140 Kbytes*sec
 Total unshared memory use in data segment  : 3816078440719 Kbytes*sec
 PM_CYC (Cycles)                            : 6.33387077395346e+15
 PM_INST_CMPL (Instructions completed)      : 6.47801716242892e+15
 PM_TLB_MISS (TLB misses)                   : 5497322383496        
 PM_ST_CMPL (Stores completed)              : 1.017498077039e+15
 PM_LD_CMPL (Loads completed)               : 1.86183616657155e+15
 PM_FPU0_CMPL (FPU 0 instructions)          : 18655113283658
 PM_FPU1_CMPL (FPU 1 instructions)          : 2020756989623
 PM_EXEC_FMA (FMAs executed)                : 5507352475355
 Utilization rate                           : 98.8720815981992 %
 Avg number of loads per TLB miss           : 591.282129431627
 Load and store operations                  : 2879334243.61301 M
 MIPS                                       : 673967.81
 Instructions per cycle                     : 1.02272369161508
 HW Float points instructions per Cycle     : 0.00339054586381539
 Total Floating point instructions + FMAs   : 26183222.731 M
 Total Float point instructions + FMA rate  : 2724.63800000001 Mflip/s
 Average FMA percentage                     : 41.9612718064153 %
 Average computation intensity              : 0.00866178953292063 
################################################################################
