
 Solving FEM for laser: 
 Construct grid. 
 Generate_processes(); 
   take p_level: 5 max_level:    11
 Grid_generation(); 
  I Basic grid generation by edges; 
   I.2 edge correction; 
  II Calculation of points and cells; 
   II.2 construct basic points; 
        send them; 
   II.3 fullfill B1B2; 
   II.4 construct cell points; 
   II.61 interior cell part 1; 
   II.62 sends of boundary cells; 
   II.63 interior cell part 2; 
        send them; 
   II.7 calc multigrid points; 
   II.7 remove exterior points; 
   II.8 calc interior points; 
   II.9 send coarse grid points; 
  III Calculation of boundary; 
   III.2 boundary cells; 
 Information about processes: 
 Number of processes: 4096
 Number of active processes: 4048
 Initialize_variable(); 
   III.3.1 construct boundary points; 
         remove edges; 
   III.4.1 storage for boundary cells; 
   III.4.2 storage for cells and stencils; 
   III.4.3 storage for boundary matrices; 
 IV. calculate lists; 
   IV. 2. interior points and points near boundary; 
   IV. 5. pointer in boundary cells; 
   IV. 6. restriction weights; 
   IV. 7. coarsest level; 
   IV. 8. initialize lists; 
   IV. 9. calc mg; 
   V.1 prepare evaluation; 
   V.2 prepare parallel; 
   a) ; 
   b) ; 
   c) ; 
   end prepare ; 
 End construct grid. 

 information about finest level: 
------------------------------------ 
number of interior points is:       859103824
number of points near the boundary: 7194363
number of boundary points:          7210200
number of points in boundary cells: 1002329
sum of all points:                  874510716
ratio of points interior / near boundary: 55.761007736018
 Max_level: 12 Min_level: 1 Min_interior_level: 3 n_parallel: 7

 Solving Poisson equation by mg! 
 Number of smoothings iter + n: 14
 Test: 0.892696816383

 MG: 
-------------------- 
 Iteration: 1 Max: Temp: 3707.758267640277

 Solving elasticity by MG-preconditioned cg. 
--------------------------------------------- 
 eps cg:0.000100000000
 first delta:1.039454647127
 Iteration:1.  Infty: 0.012298625753 Residuum: 1.565487195128
 Iteration:2.  Infty: 0.022659581188 Residuum: 1.710082789535
 Iteration:3.  Infty: 0.024389868486 Residuum: 0.986946639728
 Iteration:4.  Infty: 0.023843563708 Residuum: 0.549709943889
 Iteration:5.  Infty: 0.022516416289 Residuum: 0.322240280077
 Iteration:6.  Infty: 0.021634901212 Residuum: 0.216930848333
 Iteration:7.  Infty: 0.021012452822 Residuum: 0.175370541322
 Iteration:8.  Infty: 0.020370383961 Residuum: 0.135583319098
 Iteration:9.  Infty: 0.019860982136 Residuum: 0.116678036462
 Iteration:10.  Infty: 0.019173003725 Residuum: 0.111572932312
 Iteration:11.  Infty: 0.018467775189 Residuum: 0.093906759811
 Iteration:12.  Infty: 0.018001898187 Residuum: 0.080399075910
 Iteration:13.  Infty: 0.017653173821 Residuum: 0.069367449404
 Iteration:14.  Infty: 0.017327718987 Residuum: 0.054179739610
 Iteration:15.  Infty: 0.017404488133 Residuum: 0.042737016258
 Iteration:16.  Infty: 0.017546794605 Residuum: 0.036687112675
 Iteration:17.  Infty: 0.017732399868 Residuum: 0.034431475171
 Iteration:18.  Infty: 0.017948283846 Residuum: 0.036021515463
 Iteration:19.  Infty: 0.018275167854 Residuum: 0.036507849830
 Iteration:20.  Infty: 0.018915013827 Residuum: 0.032750859645
 Iteration:21.  Infty: 0.019658756801 Residuum: 0.028777979528
 Iteration:22.  Infty: 0.020306506537 Residuum: 0.025656141138
 Iteration:23.  Infty: 0.020730978531 Residuum: 0.021548463656
 Iteration:24.  Infty: 0.020942384767 Residuum: 0.017571944363
 Iteration:25.  Infty: 0.020980838137 Residuum: 0.014910627879
 Iteration:26.  Infty: 0.020942222424 Residuum: 0.012879499513
 Iteration:27.  Infty: 0.020971174523 Residuum: 0.011492844622
 Iteration:28.  Infty: 0.021009196545 Residuum: 0.010377790024
 Iteration:29.  Infty: 0.021036836828 Residuum: 0.009227437130
 Iteration:30.  Infty: 0.021064297005 Residuum: 0.008065121876
 Infty: 0.021064297005
 Test Boundary, Integrals: -----------
 X-Integral: 0.000000000000
 Y-Integral: 0.000000000000
 Z-Integral: 0.000000000000
 X-curl: 0.000000000116
 Y-curl: 0.000000000000
 Z-curl: -0.000000000116
 Residuum Infty: 0.003905323174
 Maximum x: 0.008179383917 Minimum x: -0.008271996791
 Maximum - Minimum x: 0.016451380708
 Maximum y: 0.006394111780 Minimum y: -0.006313880745
 Maximum - Minimum y: 0.012707992525
 Maximum z: 0.006398188435 Minimum z: -0.006372794565
 Maximum - Minimum z: 0.012770983000
 Maximum sxx: 3252.979572543677 Minimum sxx: -734.727282617982

 total time: 4073.628691077232 sec. 

 calc time: 2270.175686001778 sec.  
 end 

 elastime time: 1724.211160063744 sec.  
 end 
 
 End: 
 adding counter 5 event 12 Cycles
 adding counter 0 event 1 Instructions completed
 adding counter 7 event 0 TLB misses
 adding counter 2 event 9 Stores completed
 adding counter 3 event 5 Loads completed
 adding counter 4 event 5 FPU 0 instructions
 adding counter 1 event 35 FPU 1 instructions
 adding counter 6 event 9 FMAs executed


################################################################################
 hpmcount (V 2.4.2) summary (aggregate of 4096 POE tasks)
 Average execution time (wall clock time)   : 4187.88 seconds
 Average amount of time in user mode        : 4078.903511 seconds
 Average amount of time in system mode      : 35.834133 seconds
 Total maximum resident set size            : 789 Gbytes
 Total shared memory use in text segment    : 2066606866696 Kbytes*sec
 Total unshared memory use in data segment  : 8796093018112 Kbytes*sec
 PM_CYC (Cycles)                            : 6.23960762978632e+15
 PM_INST_CMPL (Instructions completed)      : 5.53453120169956e+15
 PM_TLB_MISS (TLB misses)                   : 4675558001631        
 PM_ST_CMPL (Stores completed)              : 901409623848142
 PM_LD_CMPL (Loads completed)               : 1.57877083272887e+15
 PM_FPU0_CMPL (FPU 0 instructions)          : 51193263916278
 PM_FPU1_CMPL (FPU 1 instructions)          : 7582048305422
 PM_EXEC_FMA (FMAs executed)                : 8587140761762
 Utilization rate                           : INF %
 Avg number of loads per TLB miss           : 432.959992187501
 Load and store operations                  : 2480180456.55701 M
 MIPS                                       : 1321602.318
 Instructions per cycle                     : 0.886962646484378
 HW Float points instructions per Cycle     : 0.00939038085937517
 Total Floating point instructions + FMAs   : 67362452.973 M
 Total Float point instructions + FMA rate  : 16084.0270000001 Mflip/s
 Average FMA percentage                     : 26.5206936035157 %
 Average computation intensity              : 0.0292753906249998 
################################################################################
