OPAL> Current settings of options:
OPAL> OPTION,ECHO=FALSE,INFO=TRUE,TRACE=FALSE,VERIFY=FALSE,WARN=TRUE,
OPAL>   SEED=1.23457e+08,TELL=TRUE,PSDUMPFREQ=1,STATDUMPFREQ=10,
OPAL>   PSDUMPEACHTURN=FALSE,PSDUMPLOCALFRAME=FALSE,SPTDUMPFREQ=1,
OPAL>   REPARTFREQ=20,REBINFREQ=100,SCSOLVEFREQ=1,MTSSUBSTEPS=1,
OPAL>   REMOTEPARTDEL=-1,SCAN=FALSE,RHODUMP=FALSE,EBDUMP=FALSE,
OPAL>   CSRDUMP=FALSE,AUTOPHASE=0,PPDEBUG=FALSE,SURFDUMPFREQ=-1,
OPAL>   NUMBLOCKS=0,RECYCLEBLOCKS=0,NLHS=1,CZERO=FALSE,RNGTYPE="RANDOM",
OPAL>   SCHOTTKYCORR=FALSE,SCHOTTKYRENO=-1,ENABLEHDF5=TRUE,ASCIIDUMP=FALSE,
OPAL>   BOUNDPDESTROYFQ=10,BEAMHALOBOUNDARY=0;
OPAL>
OPAL> * ----------------------------------------------------
OPAL> * About to find closed orbit and matched distribution
OPAL> * I= 2.2 (mA)  E= 580 (MeV)
OPAL> * EX= 1e-06* EY= 1e-06* ET= 1e-06* FMAPFN ring590_bfld.dat
OPAL> * FMSYM= 8* HN= 6* PHIINIT= 0
OPAL> * ----------------------------------------------------
OPAL> * Converged (Ex, Ey, Ez) = (0.313794, 0.313794, 0.313794) pi mm mrad for E= 580 (MeV)
OPAL> * Sigma-Matrix
OPAL>       3.914 &     -0.6486 &           0 &           0 &      0.4542 &       1.362 \\
OPAL>     -0.6486 &      0.6396 &           0 &           0 &      0.7265 &     -0.2685 \\
OPAL>           0 &           0 &       6.239 &       1.198 &           0 &           0 \\
OPAL>           0 &           0 &       1.198 &      0.3859 &           0 &           0 \\
OPAL>      0.4542 &      0.7265 &           0 &           0 &       2.363 &      0.1752 \\
OPAL>       1.362 &     -0.2685 &           0 &           0 &      0.1752 &      0.8944 \\
OPAL> * m before gsl_linalg_cholesky_decomp
OPAL> * r(0, : ) =          1 &    -0.4099 &          0 &          0 &     0.1493 &     0.7277 \\
OPAL> * r(1, : ) =    -0.4099 &          1 &          0 &          0 &     0.5909 &     -0.355 \\
OPAL> * r(2, : ) =          0 &          0 &          1 &     0.7722 &          0 &          0 \\
OPAL> * r(3, : ) =          0 &          0 &     0.7722 &          1 &          0 &          0 \\
OPAL> * r(4, : ) =     0.1493 &     0.5909 &          0 &          0 &          1 &     0.1205 \\
OPAL> * r(5, : ) =     0.7277 &     -0.355 &          0 &          0 &     0.1205 &          1 \\
OPAL> * m after gsl_linalg_cholesky_decomp
OPAL> * r(0, : ) =          1 &          0 &          0 &          0 &          0 &          0 \\
OPAL> * r(1, : ) =    -0.4099 &     0.9121 &          0 &          0 &          0 &          0 \\
OPAL> * r(2, : ) =          0 &          0 &          1 &          0 &          0 &          0 \\
OPAL> * r(3, : ) =          0 &          0 &     0.7722 &     0.6354 &          0 &          0 \\
OPAL> * r(4, : ) =     0.1493 &      0.715 &          0 &          0 &      0.683 &          0 \\
OPAL> * r(5, : ) =     0.7277 &   -0.06211 &          0 &          0 &    0.08229 &     0.6781 \\
OPAL> * Mass of simulation particle= 25.44 GeV/c^2
OPAL> * Charge of simulation particle= 4.344e-18 [C]
OPAL> * **********************************************************************************
OPAL> * Selected Tracking Method == CYCLOTRON-T, NEW TRACK
OPAL> * **********************************************************************************
OPAL> * Number of neighbour bunches= 1
OPAL> * DT                         = 1e-12
OPAL> * MAXSTEPS                   = 0
OPAL> * Phase space dump frequency = 1
OPAL> * Statistics dump frequency  = 10 w.r.t. the time step.
OPAL> * **********************************************************************************
OPAL> * ************* D I S T R I B U T I O N ********************************************
OPAL> *
OPAL> * Distribution type: MATCHEDGAUSS
OPAL> * SIGMAX   = 0.001978 [m]
OPAL> * SIGMAY   = 0.002498 [m]
OPAL> * SIGMAZ   = 0.001537 [m]
OPAL> * SIGMAPX  = 4.129e-05 [Beta Gamma]
OPAL> * SIGMAPY  = 3.639e-05 [Beta Gamma]
OPAL> * SIGMAPZ  = 4.49e-05 [Beta Gamma]
OPAL> * AVRGPZ   = 0 [Beta Gamma]
OPAL> * CORRX    = -0.4099
OPAL> * CORRY    = 0.7722
OPAL> * CORRZ    = 0.1205
OPAL> * R61      = 0.7277
OPAL> * R62      = -0.355
OPAL> * R51      = 0.1493
OPAL> * R52      = 0.5909
OPAL> * CUTOFFX  = 3 [units of SIGMAX]
OPAL> * CUTOFFY  = 3 [units of SIGMAY]
OPAL> * CUTOFFZ  = 3 [units of SIGMAZ]
OPAL> * CUTOFFPX = 3 [units of SIGMAPX]
OPAL> * CUTOFFPY = 3 [units of SIGMAPY]
OPAL> * CUTOFFPZ = 3 [units of SIGMAPY]
OPAL> *
OPAL> * Distribution is injected.
OPAL> *
OPAL> * **********************************************************************************
OPAL>
OPAL> * ************* B E A M ************************************************************
OPAL> * BEAM        BEAM1
OPAL> * PARTICLE    PROTON
OPAL> * CURRENT     0.0022 A
OPAL> * FREQUENCY   50.65 MHz
OPAL> * CHARGE      +e * 1
OPAL> * REST MASS   0.9383 GeV
OPAL> * MOMENTUM    1.194
OPAL> * NPART       1e+07
OPAL> * **********************************************************************************
OPAL>
OPAL> * ************* F I E L D S O L V E R **********************************************
OPAL> * FIELDSOLVER  FS1
OPAL> * TYPE         FFT
OPAL> * N-PROCESSORS 1
OPAL> * MX           32
OPAL> * MY           32
OPAL> * MT           16
OPAL> * BBOXINCR     2
OPAL> * GRRENSF      INTEGRATED
OPAL> * XDIM         parallel
OPAL> * YDIM         parallel
OPAL> * Z(T)DIM      parallel
OPAL>
OPAL> * **********************************************************************************

/*
 *      Adding Cyclotron skipped
 */

OPAL> * *********************** Bunch information in local frame: ************************
OPAL> * ************** B U N C H *********************************************************
OPAL> * NP              =   10000000
OPAL> * Qtot            =    4.34353e-02 [nC]       Qi    =  4.34353e-09 [nC]
OPAL> * Ekin            =    5.80000e+02 [MeV]      dEkin =  0.00000e+00 [MeV]
OPAL> * rmax            = (  6.17284e-03 ,  7.79039e-03 ,  4.79664e-03 ) [m]
OPAL> * rmin            = ( -6.17191e-03 , -7.78887e-03 , -4.79646e-03 ) [m]
OPAL> * rms beam size   = (  1.91510e-03 ,  2.41332e-03 ,  1.50548e-03 ) [m]
OPAL> * rms momenta     = (  3.99780e-05 ,  3.51484e-05 ,  4.37486e-05 ) [beta gamma]
OPAL> * mean position   = ( -1.56300e-13 ,  2.13395e-17 , -8.71013e-21 ) [m]
OPAL> * mean momenta    = (  5.72459e-17 ,  1.27218e+00 ,  2.15345e-17 ) [beta gamma]
OPAL> * rms emittance   = (  5.52530e-08 ,  4.34281e-08 ,  5.13673e-08 ) (not normalized)
OPAL> * rms correlation = ( -3.96345e-01 ,  7.58800e-01 ,  1.24755e-01 )
OPAL> * hr              = (  3.98218e-04 ,  5.02557e-04 ,  6.39540e-04 ) [m]
OPAL> * dh              =    2.00000e+00 [%]
OPAL> * t               =    0.00000e+00 [s]        dT    =          inf [s]
OPAL> * spos            =   -8.71013e-21 [m]
OPAL> * **********************************************************************************
OPAL>
OPAL>
OPAL> * Phase space dump 0 (global frame) at integration step 0
OPAL> * T = 0 ns, Live Particles: 10000000
OPAL> * E = 580 MeV, beta * gamma = 1.2722
OPAL> * Bunch position: R =  2130 mm, Theta = 2.4758e-05 Deg, Z = -5.4519e-05 mm
OPAL> * Local Azimuth = 0.0078362 Deg, Local Elevation = -0.0028597 Deg
OPAL>
OPAL> * *********************** Bunch information in global frame: ***********************
OPAL> * ************** B U N C H *********************************************************
OPAL> * NP              =   10000000
OPAL> * Qtot            =    4.34353e-02 [nC]       Qi    =  4.34353e-09 [nC]
OPAL> * Ekin            =    5.80000e+02 [MeV]      dEkin =  3.22716e-02 [MeV]
OPAL> * rmax            = (  6.17284e-03 ,  7.79039e-03 ,  4.79664e-03 ) [m]
OPAL> * rmin            = ( -6.17191e-03 , -7.78887e-03 , -4.79646e-03 ) [m]
OPAL> * rms beam size   = (  1.91510e-03 ,  2.41332e-03 ,  1.50548e-03 ) [m]
OPAL> * rms momenta     = (  3.99780e-05 ,  3.51500e-05 ,  4.37486e-05 ) [beta gamma]
OPAL> * mean position   = (  2.13000e+00 ,  9.20405e-07 , -5.45188e-08 ) [m]
OPAL> * mean momenta    = ( -1.73993e-04 ,  1.27218e+00 , -6.34947e-05 ) [beta gamma]
OPAL> * rms emittance   = (  5.52530e-08 ,  4.34328e-08 ,  5.13673e-08 ) (not normalized)
OPAL> * rms correlation = ( -3.96344e-01 ,  7.58765e-01 ,  1.24755e-01 )
OPAL> * hr              = (  3.98218e-04 ,  5.02557e-04 ,  6.39540e-04 ) [m]
OPAL> * dh              =    2.00000e+00 [%]
OPAL> * t               =    0.00000e+00 [s]        dT    =          inf [s]
OPAL> * spos            =   -5.45188e-08 [m]
OPAL> * **********************************************************************************
OPAL>
OPAL> * Beginning of this run is at t = 0 [ns]
OPAL> * The time step is set to dt = inf [ns]
OPAL> * Single particle trajectory dump frequency is set to 1
OPAL> * The frequency to solve space charge fields is set to 1
OPAL> * The repartition frequency is set to 20
OPAL>
OPAL> * --------------------------------- Start tracking ------------------------------------ *
OPAL>
OPAL> * ---------------------------- DONE TRACKING PARTICLES -------------------------------- *
OPAL> * Final energy of reference particle = 580 [MeV]
OPAL> * Total phase space dump number(includes the initial distribution) = 1
OPAL> * One can restart simulation from the last dump step (--restart 0)
OPAL> *
OPAL> * Finished during turn 1 (0 turns completed)
OPAL> * Cave: Turn number is not correct for restart mode
OPAL>
OPAL> * *********************** Bunch information in global frame: ***********************
OPAL> * ************** B U N C H *********************************************************
OPAL> * NP              =   10000000
OPAL> * Qtot            =    4.34353e-02 [nC]       Qi    =  4.34353e-09 [nC]
OPAL> * Ekin            =    5.80000e+02 [MeV]      dEkin =  3.22716e-02 [MeV]
OPAL> * rmax            = (  6.17284e-03 ,  7.79039e-03 ,  4.79664e-03 ) [m]
OPAL> * rmin            = ( -6.17191e-03 , -7.78887e-03 , -4.79646e-03 ) [m]
OPAL> * rms beam size   = (  1.91510e-03 ,  2.41332e-03 ,  1.50548e-03 ) [m]
OPAL> * rms momenta     = (  3.99780e-05 ,  3.51500e-05 ,  4.37486e-05 ) [beta gamma]
OPAL> * mean position   = (  2.13000e+00 ,  9.20405e-07 , -5.45188e-08 ) [m]
OPAL> * mean momenta    = ( -1.73993e-04 ,  1.27218e+00 , -6.34947e-05 ) [beta gamma]
OPAL> * rms emittance   = (  5.52530e-08 ,  4.34328e-08 ,  5.13673e-08 ) (not normalized)
OPAL> * rms correlation = ( -3.96344e-01 ,  7.58765e-01 ,  1.24755e-01 )
OPAL> * hr              = (  3.98218e-04 ,  5.02557e-04 ,  6.39540e-04 ) [m]
OPAL> * dh              =    2.00000e+00 [%]
OPAL> * t               =    0.00000e+00 [s]        dT    =          inf [s]
OPAL> * spos            =   -5.45188e-08 [m]
OPAL> * **********************************************************************************
OPAL>
OPAL> * ----------------------------------------------- *
OPAL> * Finalizing i.e. write data and close files :
OPAL> * Finalize cyclotron
OPAL> * ----------------------------------------------- *
