
 Solving FEM for laser: 
 Construct grid. 
 Generate_processes(); 
   take p_level: 5 max_level:    11
 Grid_generation(); 
  I Basic grid generation by edges; 
   I.2 edge correction; 
  II Calculation of points and cells; 
   II.2 construct basic points; 
        send them; 
   II.3 fullfill B1B2; 
   II.4 construct cell points; 
   II.61 interior cell part 1; 
   II.62 sends of boundary cells; 
   II.63 interior cell part 2; 
        send them; 
   II.7 calc multigrid points; 
   II.7 remove exterior points; 
   II.8 calc interior points; 
   II.9 send coarse grid points; 
  III Calculation of boundary; 
   III.2 boundary cells; 
 Information about processes: 
 Number of processes: 2048
 Number of active processes: 1884
 Initialize_variable(); 
   III.3.1 construct boundary points; 
         remove edges; 
   III.4.1 storage for boundary cells; 
   III.4.2 storage for cells and stencils; 
   III.4.3 storage for boundary matrices; 
 IV. calculate lists; 
   IV. 2. interior points and points near boundary; 
   IV. 5. pointer in boundary cells; 
   IV. 6. restriction weights; 
   IV. 7. coarsest level; 
   IV. 8. initialize lists; 
   IV. 9. calc mg; 
   V.1 prepare evaluation; 
   V.2 prepare parallel; 
   a) ; 
   b) ; 
   c) ; 
   end prepare ; 
 End construct grid. 

 information about finest level: 
------------------------------------ 
number of interior points is:       392506548
number of points near the boundary: 4271654
number of boundary points:          4283854
number of points in boundary cells: 595235
sum of all points:                  401657291
ratio of points interior / near boundary: 42.893407453362
 Max_level: 12 Min_level: 1 Min_interior_level: 3 n_parallel: 7

 Solving Poisson equation by mg! 
 Number of smoothings iter + n: 14
 Test: 0.892694563582

 MG: 
-------------------- 
 Iteration: 1 Max: Temp: 4261.420849761022

 Solving elasticity by MG-preconditioned cg. 
--------------------------------------------- 
 eps cg:INF
 first delta:2.086796494516
 Infty: 0.000001538546
 Test Boundary, Integrals: -----------
 X-Integral: 0.000000000000
 Y-Integral: 0.000000000000
 Z-Integral: -0.000000000000
 X-curl: -0.000000000000
 Y-curl: -0.000000000000
 Z-curl: -0.000000000000
 Residuum Infty: 0.000216022809
 Maximum x: 0.000000491260 Minimum x: -0.000000498095
 Maximum - Minimum x: 0.000000989354
 Maximum y: 0.000000540852 Minimum y: -0.000000434799
 Maximum - Minimum y: 0.000000975652
 Maximum z: 0.000000499599 Minimum z: -0.000000467057
 Maximum - Minimum z: 0.000000966656
 Maximum sxx: 3.821904255968 Minimum sxx: -1764.212441025275

 total time: 2388.579353928566 sec. 

 calc time: 489.145408987999 sec.  
 end 

 elastime time: 62.743070960045 sec.  
 end 
 
 End: 
 adding counter 5 event 12 Cycles
 adding counter 0 event 1 Instructions completed
 adding counter 7 event 0 TLB misses
 adding counter 2 event 9 Stores completed
 adding counter 3 event 5 Loads completed
 adding counter 4 event 5 FPU 0 instructions
 adding counter 1 event 35 FPU 1 instructions
 adding counter 6 event 9 FMAs executed


################################################################################
 hpmcount (V 2.4.2) summary (aggregate of 2048 POE tasks)
 Average execution time (wall clock time)   : 2440.71 seconds
 Average amount of time in user mode        : 2396.047046 seconds
 Average amount of time in system mode      : 18.088081 seconds
 Total maximum resident set size            : 367 Gbytes
 Total shared memory use in text segment    : 316858603260 Kbytes*sec
 Total unshared memory use in data segment  : 4398046509056 Kbytes*sec
 PM_CYC (Cycles)                            : 1.8338075768891e+15
 PM_INST_CMPL (Instructions completed)      : 1.9881937965777e+15
 PM_TLB_MISS (TLB misses)                   : 825653461541        
 PM_ST_CMPL (Stores completed)              : 290080172382675
 PM_LD_CMPL (Loads completed)               : 523384909419696
 PM_FPU0_CMPL (FPU 0 instructions)          : 4433199534977
 PM_FPU1_CMPL (FPU 1 instructions)          : 625777617583
 PM_EXEC_FMA (FMAs executed)                : 1089617770450
 Utilization rate                           : 97.8166850585938 %
 Avg number of loads per TLB miss           : 1090.03687548828
 Load and store operations                  : 813465081.800999 M
 MIPS                                       : 814617.410000002
 Instructions per cycle                     : 1.08418408203125
 HW Float points instructions per Cycle     : 0.00260253906249994
 Total Floating point instructions + FMAs   : 6148594.92999999 M
 Total Float point instructions + FMA rate  : 2519.104 Mflip/s
 Average FMA percentage                     : 35.2940424804688 %
 Average computation intensity              : 0.00794189453124972 
################################################################################
